#
# There is insufficient memory for the Java Runtime Environment to continue.
# Native memory allocation (mmap) failed to map 65536 bytes. Error detail: Failed to commit metaspace.
# Possible reasons:
#   The system is out of physical RAM or swap space
#   This process is running with CompressedOops enabled, and the Java Heap may be blocking the growth of the native heap
# Possible solutions:
#   Reduce memory load on the system
#   Increase physical memory or swap space
#   Check if swap backing store is full
#   Decrease Java heap size (-Xmx/-Xms)
#   Decrease number of Java threads
#   Decrease Java thread stack sizes (-Xss)
#   Set larger code cache with -XX:ReservedCodeCacheSize=
#   JVM is running with Unscaled Compressed Oops mode in which the Java heap is
#     placed in the first 4GB address space. The Java Heap base address is the
#     maximum limit for the native heap growth. Please use -XX:HeapBaseMinAddress
#     to set the Java Heap base and to place the Java Heap above 4GB virtual address.
# This output file may be truncated or incomplete.
#
#  Out of Memory Error (virtualSpaceNode.cpp:110), pid=15492, tid=12236
#
# JRE version: OpenJDK Runtime Environment Temurin-17.0.16+8 (17.0.16+8) (build 17.0.16+8)
# Java VM: OpenJDK 64-Bit Server VM Temurin-17.0.16+8 (17.0.16+8, mixed mode, tiered, compressed oops, compressed class ptrs, g1 gc, windows-amd64)
# No core dump will be written. Minidumps are not enabled by default on client versions of Windows
#

---------------  S U M M A R Y ------------

Command Line: -ea -Dfile.encoding=UTF-8 -Dstdout.encoding=UTF-8 -Dstderr.encoding=UTF-8 -XX:+ShowCodeDetailsInExceptionMessages org.testng.remote.RemoteTestNG -serport 64242 -protocol json -d C:\Users\tejas\eclipse-workspace\Capstone_Automation_Exercise\test-output C:\Users\tejas\AppData\Local\Temp\testng-eclipse--1844763098\testng-customsuite.xml

Host: 11th Gen Intel(R) Core(TM) i5-1135G7 @ 2.40GHz, 8 cores, 7G,  Windows 11 , 64 bit Build 22621 (10.0.22621.5415)
Time: Thu Sep  4 21:29:41 2025 India Standard Time elapsed time: 0.576517 seconds (0d 0h 0m 0s)

---------------  T H R E A D  ---------------

Current thread (0x0000021effd73a30):  JavaThread "main" [_thread_in_vm, id=12236, stack(0x0000008971a00000,0x0000008971b00000)]

Stack: [0x0000008971a00000,0x0000008971b00000]
Native frames: (J=compiled Java code, j=interpreted, Vv=VM code, C=native code)
V  [jvm.dll+0x683169]
V  [jvm.dll+0x839ac8]
V  [jvm.dll+0x83b573]
V  [jvm.dll+0x83bbe3]
V  [jvm.dll+0x2473ff]
V  [jvm.dll+0x83589d]
V  [jvm.dll+0x627dae]
V  [jvm.dll+0x627e1a]
V  [jvm.dll+0x62a643]
V  [jvm.dll+0x628776]
V  [jvm.dll+0x23b17f]
V  [jvm.dll+0x632675]
V  [jvm.dll+0x1e8d61]
V  [jvm.dll+0x1e936a]
V  [jvm.dll+0x1e9d62]
V  [jvm.dll+0x1df481]
V  [jvm.dll+0x54689b]
V  [jvm.dll+0x1f001a]
V  [jvm.dll+0x7b2bfb]
V  [jvm.dll+0x7b4019]
V  [jvm.dll+0x7b4378]
V  [jvm.dll+0x23eeeb]
V  [jvm.dll+0x38196e]
C  0x0000021e903fb745

The last pc belongs to new (printed below).
Java frames: (J=compiled Java code, j=interpreted, Vv=VM code)
j  jdk.internal.reflect.MethodAccessorGenerator.generate(Ljava/lang/Class;Ljava/lang/String;[Ljava/lang/Class;Ljava/lang/Class;[Ljava/lang/Class;IZZLjava/lang/Class;)Ljdk/internal/reflect/MagicAccessorImpl;+6 java.base@17.0.16
j  jdk.internal.reflect.MethodAccessorGenerator.generateConstructor(Ljava/lang/Class;[Ljava/lang/Class;[Ljava/lang/Class;I)Ljdk/internal/reflect/ConstructorAccessor;+14 java.base@17.0.16
j  jdk.internal.reflect.NativeConstructorAccessorImpl.newInstance([Ljava/lang/Object;)Ljava/lang/Object;+87 java.base@17.0.16
j  jdk.internal.reflect.DelegatingConstructorAccessorImpl.newInstance([Ljava/lang/Object;)Ljava/lang/Object;+5 java.base@17.0.16
j  java.lang.reflect.Constructor.newInstanceWithCaller([Ljava/lang/Object;ZLjava/lang/Class;)Ljava/lang/Object;+65 java.base@17.0.16
j  java.lang.reflect.Constructor.newInstance([Ljava/lang/Object;)Ljava/lang/Object;+30 java.base@17.0.16
j  java.lang.reflect.Proxy.newProxyInstance(Ljava/lang/Class;Ljava/lang/reflect/Constructor;Ljava/lang/reflect/InvocationHandler;)Ljava/lang/Object;+21 java.base@17.0.16
j  java.lang.reflect.Proxy.newProxyInstance(Ljava/lang/ClassLoader;[Ljava/lang/Class;Ljava/lang/reflect/InvocationHandler;)Ljava/lang/Object;+31 java.base@17.0.16
j  sun.reflect.annotation.AnnotationParser$1.run()Ljava/lang/annotation/Annotation;+33 java.base@17.0.16
j  sun.reflect.annotation.AnnotationParser$1.run()Ljava/lang/Object;+1 java.base@17.0.16
j  java.security.AccessController.executePrivileged(Ljava/security/PrivilegedAction;Ljava/security/AccessControlContext;Ljava/lang/Class;)Ljava/lang/Object;+29 java.base@17.0.16
j  java.security.AccessController.doPrivileged(Ljava/security/PrivilegedAction;)Ljava/lang/Object;+5 java.base@17.0.16
j  sun.reflect.annotation.AnnotationParser.annotationForMap(Ljava/lang/Class;Ljava/util/Map;)Ljava/lang/annotation/Annotation;+9 java.base@17.0.16
j  sun.reflect.annotation.AnnotationParser.parseAnnotation2(Ljava/nio/ByteBuffer;Ljdk/internal/reflect/ConstantPool;Ljava/lang/Class;Z[Ljava/lang/Class;)Ljava/lang/annotation/Annotation;+267 java.base@17.0.16
j  sun.reflect.annotation.AnnotationParser.parseAnnotations2([BLjdk/internal/reflect/ConstantPool;Ljava/lang/Class;[Ljava/lang/Class;)Ljava/util/Map;+41 java.base@17.0.16
j  sun.reflect.annotation.AnnotationParser.parseAnnotations([BLjdk/internal/reflect/ConstantPool;Ljava/lang/Class;)Ljava/util/Map;+12 java.base@17.0.16
j  java.lang.reflect.Field.declaredAnnotations()Ljava/util/Map;+59 java.base@17.0.16
j  java.lang.reflect.Field.declaredAnnotations()Ljava/util/Map;+32 java.base@17.0.16
j  java.lang.reflect.Field.getAnnotation(Ljava/lang/Class;)Ljava/lang/annotation/Annotation;+7 java.base@17.0.16
j  com.beust.jcommander.Parameterized.parseArg(Ljava/lang/Object;)Ljava/util/List;+77
j  com.beust.jcommander.parser.DefaultParameterizedParser.parseArg(Ljava/lang/Object;)Ljava/util/List;+1
j  com.beust.jcommander.JCommander.addDescription(Ljava/lang/Object;)V+132
j  com.beust.jcommander.JCommander.createDescriptions()V+35
j  com.beust.jcommander.JCommander.<init>(Ljava/lang/Object;Ljava/util/ResourceBundle;[Ljava/lang/String;)V+19
j  com.beust.jcommander.JCommander.<init>(Ljava/lang/Object;Ljava/util/ResourceBundle;)V+7
j  com.beust.jcommander.JCommander.<init>(Ljava/lang/Object;)V+6
j  com.beust.jcommander.JCommander.<init>(Ljava/lang/Object;[Ljava/lang/String;)V+2
j  org.testng.remote.RemoteTestNG.main([Ljava/lang/String;)V+45
v  ~StubRoutines::call_stub
new  187 new  [0x0000021e903fb5c0, 0x0000021e903fb7e0]  544 bytes
[MachCode]
  0x0000021e903fb5c0: 4883 ec08 | c5fa 1104 | 24eb 1f48 | 83ec 10c5 | fb11 0424 | eb14 4883 | ec10 4889 | 0424 48c7 
  0x0000021e903fb5e0: 4424 0800 | 0000 00eb | 0150 410f | b755 010f | cac1 ea10 | 488b 4de8 | 488b 4908 | 488b 4908 
  0x0000021e903fb600: 488b 4108 | 807c 1004 | 070f 85d6 | 0000 0066 | 8b54 d148 | 488b 4928 | 488b 4cd1 | 0851 80b9 
  0x0000021e903fb620: 3301 0000 | 040f 85b9 | 0000 008b | 5108 f7c2 | 0100 0000 | 0f85 aa00 | 0000 498b | 8708 0100 
  0x0000021e903fb640: 0048 8d1c | 1049 3b9f | 1801 0000 | 0f87 9200 | 0000 4989 | 9f08 0100 | 00e9 0000 | 0000 4883 
  0x0000021e903fb660: ea10 0f84 | 0f00 0000 | 33c9 c1ea | 0348 894c | d008 48ff | ca75 f648 | c700 0100 | 0000 5933 
  0x0000021e903fb680: f689 700c | 48c1 e903 | 8948 0849 | bac3 c6c2 | affe 7f00 | 0041 803a | 000f 8440 | 0000 0050 
  0x0000021e903fb6a0: 488b c848 | 83ec 20f7 | c40f 0000 | 000f 841a | 0000 0048 | 83ec 0849 | ba70 8d78 | affe 7f00 
  0x0000021e903fb6c0: 0041 ffd2 | 4883 c408 | e90d 0000 | 0049 ba70 | 8d78 affe | 7f00 0041 | ffd2 4883 | c420 58e9 
  0x0000021e903fb6e0: cd00 0000 | 5948 8b55 | e848 8b52 | 0848 8b52 | 0845 0fb7 | 4501 410f | c841 c1e8 | 10e8 0500 
  0x0000021e903fb700: 0000 e9aa | 0000 0048 | 8d44 2408 | 4c89 6dc0 | 498b cfc5 | f877 4989 | afa8 0200 | 0049 8987 
  0x0000021e903fb720: 9802 0000 | 4883 ec20 | f7c4 0f00 | 0000 0f84 | 1a00 0000 | 4883 ec08 | 49ba 2019 | 42af fe7f 
  0x0000021e903fb740: 0000 41ff | d248 83c4 | 08e9 0d00 | 0000 49ba | 2019 42af | fe7f 0000 | 41ff d248 | 83c4 2049 
  0x0000021e903fb760: c787 9802 | 0000 0000 | 0000 49c7 | 87a8 0200 | 0000 0000 | 0049 c787 | a002 0000 | 0000 0000 
  0x0000021e903fb780: c5f8 7749 | 817f 0800 | 0000 000f | 8405 0000 | 00e9 6a57 | feff 498b | 87f0 0200 | 0049 c787 
  0x0000021e903fb7a0: f002 0000 | 0000 0000 | 4c8b 6dc0 | 4c8b 75c8 | c341 0fb6 | 5d03 4983 | c503 49ba | 1037 c5af 
  0x0000021e903fb7c0: fe7f 0000 | 41ff 24da | 0000 0000 | 0000 0000 | 0000 0000 | 0000 0000 | 0000 0000 | 0000 0000 
[/MachCode]

---------------  P R O C E S S  ---------------

Threads class SMR info:
_java_thread_list=0x0000021e9fe04f00, length=12, elements={
0x0000021effd73a30, 0x0000021e9fc1c020, 0x0000021e9fc1cf00, 0x0000021e9f569eb0,
0x0000021e9f56ac80, 0x0000021e9fc42300, 0x0000021e9fc418e0, 0x0000021e9fc4db20,
0x0000021e9fc4e430, 0x0000021e9fc404a0, 0x0000021e9fc3ff90, 0x0000021e9fc40ec0
}

Java Threads: ( => current thread )
=>0x0000021effd73a30 JavaThread "main" [_thread_in_vm, id=12236, stack(0x0000008971a00000,0x0000008971b00000)]
  0x0000021e9fc1c020 JavaThread "Reference Handler" daemon [_thread_blocked, id=20680, stack(0x0000008972100000,0x0000008972200000)]
  0x0000021e9fc1cf00 JavaThread "Finalizer" daemon [_thread_blocked, id=10124, stack(0x0000008972200000,0x0000008972300000)]
  0x0000021e9f569eb0 JavaThread "Signal Dispatcher" daemon [_thread_blocked, id=17256, stack(0x0000008972300000,0x0000008972400000)]
  0x0000021e9f56ac80 JavaThread "Attach Listener" daemon [_thread_blocked, id=2208, stack(0x0000008972400000,0x0000008972500000)]
  0x0000021e9fc42300 JavaThread "Service Thread" daemon [_thread_blocked, id=5684, stack(0x0000008972500000,0x0000008972600000)]
  0x0000021e9fc418e0 JavaThread "Monitor Deflation Thread" daemon [_thread_blocked, id=19840, stack(0x0000008972600000,0x0000008972700000)]
  0x0000021e9fc4db20 JavaThread "C2 CompilerThread0" daemon [_thread_blocked, id=16268, stack(0x0000008972700000,0x0000008972800000)]
  0x0000021e9fc4e430 JavaThread "C1 CompilerThread0" daemon [_thread_blocked, id=21300, stack(0x0000008972800000,0x0000008972900000)]
  0x0000021e9fc404a0 JavaThread "Sweeper thread" daemon [_thread_blocked, id=15932, stack(0x0000008972900000,0x0000008972a00000)]
  0x0000021e9fc3ff90 JavaThread "Notification Thread" daemon [_thread_blocked, id=2760, stack(0x0000008972a00000,0x0000008972b00000)]
  0x0000021e9fc40ec0 JavaThread "Common-Cleaner" daemon [_thread_blocked, id=10552, stack(0x0000008972c00000,0x0000008972d00000)]

Other Threads:
  0x0000021e9f566cf0 VMThread "VM Thread" [stack: 0x0000008972000000,0x0000008972100000] [id=21856]
  0x0000021e9fde4c60 WatcherThread [stack: 0x0000008972b00000,0x0000008972c00000] [id=1820]
  0x0000021effdce410 GCTaskThread "GC Thread#0" [stack: 0x0000008971b00000,0x0000008971c00000] [id=5240]
  0x0000021effddf2c0 ConcurrentGCThread "G1 Main Marker" [stack: 0x0000008971c00000,0x0000008971d00000] [id=27120]
  0x0000021effddfce0 ConcurrentGCThread "G1 Conc#0" [stack: 0x0000008971d00000,0x0000008971e00000] [id=24976]
  0x0000021effe17580 ConcurrentGCThread "G1 Refine#0" [stack: 0x0000008971e00000,0x0000008971f00000] [id=2128]
  0x0000021effe19ec0 ConcurrentGCThread "G1 Service" [stack: 0x0000008971f00000,0x0000008972000000] [id=2932]

Threads with active compile tasks:

VM state: not at safepoint (normal execution)

VM Mutex/Monitor currently owned by a thread:  ([mutex/lock_event])
[0x0000021effd6bb50] Metaspace_lock - owner thread: 0x0000021effd73a30

Heap address: 0x0000000084200000, size: 1982 MB, Compressed Oops mode: 32-bit

CDS archive(s) not mapped
Compressed class space mapped at: 0x0000000100000000-0x0000000140000000, reserved size: 1073741824
Narrow klass base: 0x0000000000000000, Narrow klass shift: 3, Narrow klass range: 0x140000000

GC Precious Log:
 CPUs: 8 total, 8 available
 Memory: 7926M
 Large Page Support: Disabled
 NUMA Support: Disabled
 Compressed Oops: Enabled (32-bit)
 Heap Region Size: 1M
 Heap Min Capacity: 8M
 Heap Initial Capacity: 124M
 Heap Max Capacity: 1982M
 Pre-touch: Disabled
 Parallel Workers: 8
 Concurrent Workers: 2
 Concurrent Refinement Workers: 8
 Periodic GC: Disabled

Heap:
 garbage-first heap   total 126976K, used 3072K [0x0000000084200000, 0x0000000100000000)
  region size 1024K, 4 young (4096K), 0 survivors (0K)
 Metaspace       used 6487K, committed 6592K, reserved 1114112K
  class space    used 544K, committed 640K, reserved 1048576K

Heap Regions: E=young(eden), S=young(survivor), O=old, HS=humongous(starts), HC=humongous(continues), CS=collection set, F=free, OA=open archive, CA=closed archive, TAMS=top-at-mark-start (previous, next)
|   0|0x0000000084200000, 0x0000000084200000, 0x0000000084300000|  0%| F|  |TAMS 0x0000000084200000, 0x0000000084200000| Untracked 
|   1|0x0000000084300000, 0x0000000084300000, 0x0000000084400000|  0%| F|  |TAMS 0x0000000084300000, 0x0000000084300000| Untracked 
|   2|0x0000000084400000, 0x0000000084400000, 0x0000000084500000|  0%| F|  |TAMS 0x0000000084400000, 0x0000000084400000| Untracked 
|   3|0x0000000084500000, 0x0000000084500000, 0x0000000084600000|  0%| F|  |TAMS 0x0000000084500000, 0x0000000084500000| Untracked 
|   4|0x0000000084600000, 0x0000000084600000, 0x0000000084700000|  0%| F|  |TAMS 0x0000000084600000, 0x0000000084600000| Untracked 
|   5|0x0000000084700000, 0x0000000084700000, 0x0000000084800000|  0%| F|  |TAMS 0x0000000084700000, 0x0000000084700000| Untracked 
|   6|0x0000000084800000, 0x0000000084800000, 0x0000000084900000|  0%| F|  |TAMS 0x0000000084800000, 0x0000000084800000| Untracked 
|   7|0x0000000084900000, 0x0000000084900000, 0x0000000084a00000|  0%| F|  |TAMS 0x0000000084900000, 0x0000000084900000| Untracked 
|   8|0x0000000084a00000, 0x0000000084a00000, 0x0000000084b00000|  0%| F|  |TAMS 0x0000000084a00000, 0x0000000084a00000| Untracked 
|   9|0x0000000084b00000, 0x0000000084b00000, 0x0000000084c00000|  0%| F|  |TAMS 0x0000000084b00000, 0x0000000084b00000| Untracked 
|  10|0x0000000084c00000, 0x0000000084c00000, 0x0000000084d00000|  0%| F|  |TAMS 0x0000000084c00000, 0x0000000084c00000| Untracked 
|  11|0x0000000084d00000, 0x0000000084d00000, 0x0000000084e00000|  0%| F|  |TAMS 0x0000000084d00000, 0x0000000084d00000| Untracked 
|  12|0x0000000084e00000, 0x0000000084e00000, 0x0000000084f00000|  0%| F|  |TAMS 0x0000000084e00000, 0x0000000084e00000| Untracked 
|  13|0x0000000084f00000, 0x0000000084f00000, 0x0000000085000000|  0%| F|  |TAMS 0x0000000084f00000, 0x0000000084f00000| Untracked 
|  14|0x0000000085000000, 0x0000000085000000, 0x0000000085100000|  0%| F|  |TAMS 0x0000000085000000, 0x0000000085000000| Untracked 
|  15|0x0000000085100000, 0x0000000085100000, 0x0000000085200000|  0%| F|  |TAMS 0x0000000085100000, 0x0000000085100000| Untracked 
|  16|0x0000000085200000, 0x0000000085200000, 0x0000000085300000|  0%| F|  |TAMS 0x0000000085200000, 0x0000000085200000| Untracked 
|  17|0x0000000085300000, 0x0000000085300000, 0x0000000085400000|  0%| F|  |TAMS 0x0000000085300000, 0x0000000085300000| Untracked 
|  18|0x0000000085400000, 0x0000000085400000, 0x0000000085500000|  0%| F|  |TAMS 0x0000000085400000, 0x0000000085400000| Untracked 
|  19|0x0000000085500000, 0x0000000085500000, 0x0000000085600000|  0%| F|  |TAMS 0x0000000085500000, 0x0000000085500000| Untracked 
|  20|0x0000000085600000, 0x0000000085600000, 0x0000000085700000|  0%| F|  |TAMS 0x0000000085600000, 0x0000000085600000| Untracked 
|  21|0x0000000085700000, 0x0000000085700000, 0x0000000085800000|  0%| F|  |TAMS 0x0000000085700000, 0x0000000085700000| Untracked 
|  22|0x0000000085800000, 0x0000000085800000, 0x0000000085900000|  0%| F|  |TAMS 0x0000000085800000, 0x0000000085800000| Untracked 
|  23|0x0000000085900000, 0x0000000085900000, 0x0000000085a00000|  0%| F|  |TAMS 0x0000000085900000, 0x0000000085900000| Untracked 
|  24|0x0000000085a00000, 0x0000000085a00000, 0x0000000085b00000|  0%| F|  |TAMS 0x0000000085a00000, 0x0000000085a00000| Untracked 
|  25|0x0000000085b00000, 0x0000000085b00000, 0x0000000085c00000|  0%| F|  |TAMS 0x0000000085b00000, 0x0000000085b00000| Untracked 
|  26|0x0000000085c00000, 0x0000000085c00000, 0x0000000085d00000|  0%| F|  |TAMS 0x0000000085c00000, 0x0000000085c00000| Untracked 
|  27|0x0000000085d00000, 0x0000000085d00000, 0x0000000085e00000|  0%| F|  |TAMS 0x0000000085d00000, 0x0000000085d00000| Untracked 
|  28|0x0000000085e00000, 0x0000000085e00000, 0x0000000085f00000|  0%| F|  |TAMS 0x0000000085e00000, 0x0000000085e00000| Untracked 
|  29|0x0000000085f00000, 0x0000000085f00000, 0x0000000086000000|  0%| F|  |TAMS 0x0000000085f00000, 0x0000000085f00000| Untracked 
|  30|0x0000000086000000, 0x0000000086000000, 0x0000000086100000|  0%| F|  |TAMS 0x0000000086000000, 0x0000000086000000| Untracked 
|  31|0x0000000086100000, 0x0000000086100000, 0x0000000086200000|  0%| F|  |TAMS 0x0000000086100000, 0x0000000086100000| Untracked 
|  32|0x0000000086200000, 0x0000000086200000, 0x0000000086300000|  0%| F|  |TAMS 0x0000000086200000, 0x0000000086200000| Untracked 
|  33|0x0000000086300000, 0x0000000086300000, 0x0000000086400000|  0%| F|  |TAMS 0x0000000086300000, 0x0000000086300000| Untracked 
|  34|0x0000000086400000, 0x0000000086400000, 0x0000000086500000|  0%| F|  |TAMS 0x0000000086400000, 0x0000000086400000| Untracked 
|  35|0x0000000086500000, 0x0000000086500000, 0x0000000086600000|  0%| F|  |TAMS 0x0000000086500000, 0x0000000086500000| Untracked 
|  36|0x0000000086600000, 0x0000000086600000, 0x0000000086700000|  0%| F|  |TAMS 0x0000000086600000, 0x0000000086600000| Untracked 
|  37|0x0000000086700000, 0x0000000086700000, 0x0000000086800000|  0%| F|  |TAMS 0x0000000086700000, 0x0000000086700000| Untracked 
|  38|0x0000000086800000, 0x0000000086800000, 0x0000000086900000|  0%| F|  |TAMS 0x0000000086800000, 0x0000000086800000| Untracked 
|  39|0x0000000086900000, 0x0000000086900000, 0x0000000086a00000|  0%| F|  |TAMS 0x0000000086900000, 0x0000000086900000| Untracked 
|  40|0x0000000086a00000, 0x0000000086a00000, 0x0000000086b00000|  0%| F|  |TAMS 0x0000000086a00000, 0x0000000086a00000| Untracked 
|  41|0x0000000086b00000, 0x0000000086b00000, 0x0000000086c00000|  0%| F|  |TAMS 0x0000000086b00000, 0x0000000086b00000| Untracked 
|  42|0x0000000086c00000, 0x0000000086c00000, 0x0000000086d00000|  0%| F|  |TAMS 0x0000000086c00000, 0x0000000086c00000| Untracked 
|  43|0x0000000086d00000, 0x0000000086d00000, 0x0000000086e00000|  0%| F|  |TAMS 0x0000000086d00000, 0x0000000086d00000| Untracked 
|  44|0x0000000086e00000, 0x0000000086e00000, 0x0000000086f00000|  0%| F|  |TAMS 0x0000000086e00000, 0x0000000086e00000| Untracked 
|  45|0x0000000086f00000, 0x0000000086f00000, 0x0000000087000000|  0%| F|  |TAMS 0x0000000086f00000, 0x0000000086f00000| Untracked 
|  46|0x0000000087000000, 0x0000000087000000, 0x0000000087100000|  0%| F|  |TAMS 0x0000000087000000, 0x0000000087000000| Untracked 
|  47|0x0000000087100000, 0x0000000087100000, 0x0000000087200000|  0%| F|  |TAMS 0x0000000087100000, 0x0000000087100000| Untracked 
|  48|0x0000000087200000, 0x0000000087200000, 0x0000000087300000|  0%| F|  |TAMS 0x0000000087200000, 0x0000000087200000| Untracked 
|  49|0x0000000087300000, 0x0000000087300000, 0x0000000087400000|  0%| F|  |TAMS 0x0000000087300000, 0x0000000087300000| Untracked 
|  50|0x0000000087400000, 0x0000000087400000, 0x0000000087500000|  0%| F|  |TAMS 0x0000000087400000, 0x0000000087400000| Untracked 
|  51|0x0000000087500000, 0x0000000087500000, 0x0000000087600000|  0%| F|  |TAMS 0x0000000087500000, 0x0000000087500000| Untracked 
|  52|0x0000000087600000, 0x0000000087600000, 0x0000000087700000|  0%| F|  |TAMS 0x0000000087600000, 0x0000000087600000| Untracked 
|  53|0x0000000087700000, 0x0000000087700000, 0x0000000087800000|  0%| F|  |TAMS 0x0000000087700000, 0x0000000087700000| Untracked 
|  54|0x0000000087800000, 0x0000000087800000, 0x0000000087900000|  0%| F|  |TAMS 0x0000000087800000, 0x0000000087800000| Untracked 
|  55|0x0000000087900000, 0x0000000087900000, 0x0000000087a00000|  0%| F|  |TAMS 0x0000000087900000, 0x0000000087900000| Untracked 
|  56|0x0000000087a00000, 0x0000000087a00000, 0x0000000087b00000|  0%| F|  |TAMS 0x0000000087a00000, 0x0000000087a00000| Untracked 
|  57|0x0000000087b00000, 0x0000000087b00000, 0x0000000087c00000|  0%| F|  |TAMS 0x0000000087b00000, 0x0000000087b00000| Untracked 
|  58|0x0000000087c00000, 0x0000000087c00000, 0x0000000087d00000|  0%| F|  |TAMS 0x0000000087c00000, 0x0000000087c00000| Untracked 
|  59|0x0000000087d00000, 0x0000000087d00000, 0x0000000087e00000|  0%| F|  |TAMS 0x0000000087d00000, 0x0000000087d00000| Untracked 
|  60|0x0000000087e00000, 0x0000000087e00000, 0x0000000087f00000|  0%| F|  |TAMS 0x0000000087e00000, 0x0000000087e00000| Untracked 
|  61|0x0000000087f00000, 0x0000000087f00000, 0x0000000088000000|  0%| F|  |TAMS 0x0000000087f00000, 0x0000000087f00000| Untracked 
|  62|0x0000000088000000, 0x0000000088000000, 0x0000000088100000|  0%| F|  |TAMS 0x0000000088000000, 0x0000000088000000| Untracked 
|  63|0x0000000088100000, 0x0000000088100000, 0x0000000088200000|  0%| F|  |TAMS 0x0000000088100000, 0x0000000088100000| Untracked 
|  64|0x0000000088200000, 0x0000000088200000, 0x0000000088300000|  0%| F|  |TAMS 0x0000000088200000, 0x0000000088200000| Untracked 
|  65|0x0000000088300000, 0x0000000088300000, 0x0000000088400000|  0%| F|  |TAMS 0x0000000088300000, 0x0000000088300000| Untracked 
|  66|0x0000000088400000, 0x0000000088400000, 0x0000000088500000|  0%| F|  |TAMS 0x0000000088400000, 0x0000000088400000| Untracked 
|  67|0x0000000088500000, 0x0000000088500000, 0x0000000088600000|  0%| F|  |TAMS 0x0000000088500000, 0x0000000088500000| Untracked 
|  68|0x0000000088600000, 0x0000000088600000, 0x0000000088700000|  0%| F|  |TAMS 0x0000000088600000, 0x0000000088600000| Untracked 
|  69|0x0000000088700000, 0x0000000088700000, 0x0000000088800000|  0%| F|  |TAMS 0x0000000088700000, 0x0000000088700000| Untracked 
|  70|0x0000000088800000, 0x0000000088800000, 0x0000000088900000|  0%| F|  |TAMS 0x0000000088800000, 0x0000000088800000| Untracked 
|  71|0x0000000088900000, 0x0000000088900000, 0x0000000088a00000|  0%| F|  |TAMS 0x0000000088900000, 0x0000000088900000| Untracked 
|  72|0x0000000088a00000, 0x0000000088a00000, 0x0000000088b00000|  0%| F|  |TAMS 0x0000000088a00000, 0x0000000088a00000| Untracked 
|  73|0x0000000088b00000, 0x0000000088b00000, 0x0000000088c00000|  0%| F|  |TAMS 0x0000000088b00000, 0x0000000088b00000| Untracked 
|  74|0x0000000088c00000, 0x0000000088c00000, 0x0000000088d00000|  0%| F|  |TAMS 0x0000000088c00000, 0x0000000088c00000| Untracked 
|  75|0x0000000088d00000, 0x0000000088d00000, 0x0000000088e00000|  0%| F|  |TAMS 0x0000000088d00000, 0x0000000088d00000| Untracked 
|  76|0x0000000088e00000, 0x0000000088e00000, 0x0000000088f00000|  0%| F|  |TAMS 0x0000000088e00000, 0x0000000088e00000| Untracked 
|  77|0x0000000088f00000, 0x0000000088f00000, 0x0000000089000000|  0%| F|  |TAMS 0x0000000088f00000, 0x0000000088f00000| Untracked 
|  78|0x0000000089000000, 0x0000000089000000, 0x0000000089100000|  0%| F|  |TAMS 0x0000000089000000, 0x0000000089000000| Untracked 
|  79|0x0000000089100000, 0x0000000089100000, 0x0000000089200000|  0%| F|  |TAMS 0x0000000089100000, 0x0000000089100000| Untracked 
|  80|0x0000000089200000, 0x0000000089200000, 0x0000000089300000|  0%| F|  |TAMS 0x0000000089200000, 0x0000000089200000| Untracked 
|  81|0x0000000089300000, 0x0000000089300000, 0x0000000089400000|  0%| F|  |TAMS 0x0000000089300000, 0x0000000089300000| Untracked 
|  82|0x0000000089400000, 0x0000000089400000, 0x0000000089500000|  0%| F|  |TAMS 0x0000000089400000, 0x0000000089400000| Untracked 
|  83|0x0000000089500000, 0x0000000089500000, 0x0000000089600000|  0%| F|  |TAMS 0x0000000089500000, 0x0000000089500000| Untracked 
|  84|0x0000000089600000, 0x0000000089600000, 0x0000000089700000|  0%| F|  |TAMS 0x0000000089600000, 0x0000000089600000| Untracked 
|  85|0x0000000089700000, 0x0000000089700000, 0x0000000089800000|  0%| F|  |TAMS 0x0000000089700000, 0x0000000089700000| Untracked 
|  86|0x0000000089800000, 0x0000000089800000, 0x0000000089900000|  0%| F|  |TAMS 0x0000000089800000, 0x0000000089800000| Untracked 
|  87|0x0000000089900000, 0x0000000089900000, 0x0000000089a00000|  0%| F|  |TAMS 0x0000000089900000, 0x0000000089900000| Untracked 
|  88|0x0000000089a00000, 0x0000000089a00000, 0x0000000089b00000|  0%| F|  |TAMS 0x0000000089a00000, 0x0000000089a00000| Untracked 
|  89|0x0000000089b00000, 0x0000000089b00000, 0x0000000089c00000|  0%| F|  |TAMS 0x0000000089b00000, 0x0000000089b00000| Untracked 
|  90|0x0000000089c00000, 0x0000000089c00000, 0x0000000089d00000|  0%| F|  |TAMS 0x0000000089c00000, 0x0000000089c00000| Untracked 
|  91|0x0000000089d00000, 0x0000000089d00000, 0x0000000089e00000|  0%| F|  |TAMS 0x0000000089d00000, 0x0000000089d00000| Untracked 
|  92|0x0000000089e00000, 0x0000000089e00000, 0x0000000089f00000|  0%| F|  |TAMS 0x0000000089e00000, 0x0000000089e00000| Untracked 
|  93|0x0000000089f00000, 0x0000000089f00000, 0x000000008a000000|  0%| F|  |TAMS 0x0000000089f00000, 0x0000000089f00000| Untracked 
|  94|0x000000008a000000, 0x000000008a000000, 0x000000008a100000|  0%| F|  |TAMS 0x000000008a000000, 0x000000008a000000| Untracked 
|  95|0x000000008a100000, 0x000000008a100000, 0x000000008a200000|  0%| F|  |TAMS 0x000000008a100000, 0x000000008a100000| Untracked 
|  96|0x000000008a200000, 0x000000008a200000, 0x000000008a300000|  0%| F|  |TAMS 0x000000008a200000, 0x000000008a200000| Untracked 
|  97|0x000000008a300000, 0x000000008a300000, 0x000000008a400000|  0%| F|  |TAMS 0x000000008a300000, 0x000000008a300000| Untracked 
|  98|0x000000008a400000, 0x000000008a400000, 0x000000008a500000|  0%| F|  |TAMS 0x000000008a400000, 0x000000008a400000| Untracked 
|  99|0x000000008a500000, 0x000000008a500000, 0x000000008a600000|  0%| F|  |TAMS 0x000000008a500000, 0x000000008a500000| Untracked 
| 100|0x000000008a600000, 0x000000008a600000, 0x000000008a700000|  0%| F|  |TAMS 0x000000008a600000, 0x000000008a600000| Untracked 
| 101|0x000000008a700000, 0x000000008a700000, 0x000000008a800000|  0%| F|  |TAMS 0x000000008a700000, 0x000000008a700000| Untracked 
| 102|0x000000008a800000, 0x000000008a800000, 0x000000008a900000|  0%| F|  |TAMS 0x000000008a800000, 0x000000008a800000| Untracked 
| 103|0x000000008a900000, 0x000000008a900000, 0x000000008aa00000|  0%| F|  |TAMS 0x000000008a900000, 0x000000008a900000| Untracked 
| 104|0x000000008aa00000, 0x000000008aa00000, 0x000000008ab00000|  0%| F|  |TAMS 0x000000008aa00000, 0x000000008aa00000| Untracked 
| 105|0x000000008ab00000, 0x000000008ab00000, 0x000000008ac00000|  0%| F|  |TAMS 0x000000008ab00000, 0x000000008ab00000| Untracked 
| 106|0x000000008ac00000, 0x000000008ac00000, 0x000000008ad00000|  0%| F|  |TAMS 0x000000008ac00000, 0x000000008ac00000| Untracked 
| 107|0x000000008ad00000, 0x000000008ad00000, 0x000000008ae00000|  0%| F|  |TAMS 0x000000008ad00000, 0x000000008ad00000| Untracked 
| 108|0x000000008ae00000, 0x000000008ae00000, 0x000000008af00000|  0%| F|  |TAMS 0x000000008ae00000, 0x000000008ae00000| Untracked 
| 109|0x000000008af00000, 0x000000008af00000, 0x000000008b000000|  0%| F|  |TAMS 0x000000008af00000, 0x000000008af00000| Untracked 
| 110|0x000000008b000000, 0x000000008b000000, 0x000000008b100000|  0%| F|  |TAMS 0x000000008b000000, 0x000000008b000000| Untracked 
| 111|0x000000008b100000, 0x000000008b100000, 0x000000008b200000|  0%| F|  |TAMS 0x000000008b100000, 0x000000008b100000| Untracked 
| 112|0x000000008b200000, 0x000000008b200000, 0x000000008b300000|  0%| F|  |TAMS 0x000000008b200000, 0x000000008b200000| Untracked 
| 113|0x000000008b300000, 0x000000008b300000, 0x000000008b400000|  0%| F|  |TAMS 0x000000008b300000, 0x000000008b300000| Untracked 
| 114|0x000000008b400000, 0x000000008b400000, 0x000000008b500000|  0%| F|  |TAMS 0x000000008b400000, 0x000000008b400000| Untracked 
| 115|0x000000008b500000, 0x000000008b500000, 0x000000008b600000|  0%| F|  |TAMS 0x000000008b500000, 0x000000008b500000| Untracked 
| 116|0x000000008b600000, 0x000000008b600000, 0x000000008b700000|  0%| F|  |TAMS 0x000000008b600000, 0x000000008b600000| Untracked 
| 117|0x000000008b700000, 0x000000008b700000, 0x000000008b800000|  0%| F|  |TAMS 0x000000008b700000, 0x000000008b700000| Untracked 
| 118|0x000000008b800000, 0x000000008b800000, 0x000000008b900000|  0%| F|  |TAMS 0x000000008b800000, 0x000000008b800000| Untracked 
| 119|0x000000008b900000, 0x000000008b900000, 0x000000008ba00000|  0%| F|  |TAMS 0x000000008b900000, 0x000000008b900000| Untracked 
| 120|0x000000008ba00000, 0x000000008ba75c60, 0x000000008bb00000| 46%| E|  |TAMS 0x000000008ba00000, 0x000000008ba00000| Complete 
| 121|0x000000008bb00000, 0x000000008bc00000, 0x000000008bc00000|100%| E|CS|TAMS 0x000000008bb00000, 0x000000008bb00000| Complete 
| 122|0x000000008bc00000, 0x000000008bd00000, 0x000000008bd00000|100%| E|CS|TAMS 0x000000008bc00000, 0x000000008bc00000| Complete 
| 123|0x000000008bd00000, 0x000000008be00000, 0x000000008be00000|100%| E|CS|TAMS 0x000000008bd00000, 0x000000008bd00000| Complete 

Card table byte_map: [0x0000021e98b10000,0x0000021e98ef0000] _byte_map_base: 0x0000021e986ef000

Marking Bits (Prev, Next): (CMBitMap*) 0x0000021effdcea30, (CMBitMap*) 0x0000021effdcea70
 Prev Bits: [0x0000021e992d0000, 0x0000021e9b1c8000)
 Next Bits: [0x0000021e9b1d0000, 0x0000021e9d0c8000)

Polling page: 0x0000021eff930000

Metaspace:

Usage:
  Non-class:      5.80 MB used.
      Class:    544.64 KB used.
       Both:      6.34 MB used.

Virtual space:
  Non-class space:       64.00 MB reserved,       5.81 MB (  9%) committed,  1 nodes.
      Class space:        1.00 GB reserved,     640.00 KB ( <1%) committed,  1 nodes.
             Both:        1.06 GB reserved,       6.44 MB ( <1%) committed. 

Chunk freelists:
   Non-Class:  10.07 MB
       Class:  15.25 MB
        Both:  25.32 MB

MaxMetaspaceSize: unlimited
CompressedClassSpaceSize: 1.00 GB
Initial GC threshold: 21.00 MB
Current GC threshold: 21.00 MB
CDS: off
MetaspaceReclaimPolicy: balanced
 - commit_granule_bytes: 65536.
 - commit_granule_words: 8192.
 - virtual_space_node_default_size: 8388608.
 - enlarge_chunks_in_place: 1.
 - new_chunks_are_fully_committed: 0.
 - uncommit_free_chunks: 1.
 - use_allocation_guard: 0.
 - handle_deallocations: 1.


Internal statistics:

num_allocs_failed_limit: 0.
num_arena_births: 6.
num_arena_deaths: 0.
num_vsnodes_births: 2.
num_vsnodes_deaths: 0.
num_space_committed: 103.
num_space_uncommitted: 0.
num_chunks_returned_to_freelist: 0.
num_chunks_taken_from_freelist: 26.
num_chunk_merges: 0.
num_chunk_splits: 14.
num_chunks_enlarged: 10.
num_inconsistent_stats: 0.

CodeHeap 'non-profiled nmethods': size=120000Kb used=82Kb max_used=82Kb free=119918Kb
 bounds [0x0000021e90980000, 0x0000021e90bf0000, 0x0000021e97eb0000]
CodeHeap 'profiled nmethods': size=120000Kb used=350Kb max_used=350Kb free=119649Kb
 bounds [0x0000021e88eb0000, 0x0000021e89120000, 0x0000021e903e0000]
CodeHeap 'non-nmethods': size=5760Kb used=1110Kb max_used=1125Kb free=4649Kb
 bounds [0x0000021e903e0000, 0x0000021e90650000, 0x0000021e90980000]
 total_blobs=644 nmethods=271 adapters=286
 compilation: enabled
              stopped_count=0, restarted_count=0
 full_count=0

Compilation events (20 events):
Event: 0.572 Thread 0x0000021e9fc4db20 nmethod 262 0x0000021e90992990 code [0x0000021e90992b20, 0x0000021e90992bf8]
Event: 0.572 Thread 0x0000021e9fc4db20  266 %     4       java.lang.StringLatin1::indexOf @ 30 (121 bytes)
Event: 0.573 Thread 0x0000021e9fc4e430 nmethod 256 0x0000021e88efbc10 code [0x0000021e88efcb40, 0x0000021e88f031d8]
Event: 0.573 Thread 0x0000021e9fc4e430  264       3       jdk.internal.org.objectweb.asm.SymbolTable::addConstantUtf8Reference (101 bytes)
Event: 0.573 Thread 0x0000021e9fc4e430 nmethod 264 0x0000021e88f04d90 code [0x0000021e88f04fc0, 0x0000021e88f05598]
Event: 0.573 Thread 0x0000021e9fc4e430  259       3       jdk.internal.org.objectweb.asm.Frame::push (109 bytes)
Event: 0.574 Thread 0x0000021e9fc4e430 nmethod 259 0x0000021e88f05890 code [0x0000021e88f05a60, 0x0000021e88f05fc8]
Event: 0.574 Thread 0x0000021e9fc4e430  258       3       jdk.internal.org.objectweb.asm.Frame::merge (317 bytes)
Event: 0.574 Thread 0x0000021e9fc4e430 nmethod 258 0x0000021e88f06190 code [0x0000021e88f063c0, 0x0000021e88f06cc8]
Event: 0.574 Thread 0x0000021e9fc4e430  270       3       java.lang.CharacterDataLatin1::isWhitespace (23 bytes)
Event: 0.574 Thread 0x0000021e9fc4e430 nmethod 270 0x0000021e88f06f10 code [0x0000021e88f070c0, 0x0000021e88f072b8]
Event: 0.574 Thread 0x0000021e9fc4e430  268       1       java.util.HashMap$Node::getKey (5 bytes)
Event: 0.575 Thread 0x0000021e9fc4e430 nmethod 268 0x0000021e90993110 code [0x0000021e909932a0, 0x0000021e90993378]
Event: 0.575 Thread 0x0000021e9fc4e430  269       1       java.util.HashMap$Node::getValue (5 bytes)
Event: 0.575 Thread 0x0000021e9fc4e430 nmethod 269 0x0000021e90993410 code [0x0000021e909935a0, 0x0000021e90993678]
Event: 0.575 Thread 0x0000021e9fc4e430  263       3       jdk.internal.org.objectweb.asm.ByteVector::put12 (64 bytes)
Event: 0.575 Thread 0x0000021e9fc4e430 nmethod 263 0x0000021e88f07410 code [0x0000021e88f075c0, 0x0000021e88f077e8]
Event: 0.575 Thread 0x0000021e9fc4e430  265       1       jdk.internal.org.objectweb.asm.SymbolTable::getMajorVersion (5 bytes)
Event: 0.575 Thread 0x0000021e9fc4e430 nmethod 265 0x0000021e90993710 code [0x0000021e909938a0, 0x0000021e90993978]
Event: 0.575 Thread 0x0000021e9fc4e430  261       1       java.lang.invoke.MethodType::form (5 bytes)

GC Heap History (0 events):
No events

Dll operation events (5 events):
Event: 0.017 Loaded shared library C:\Program Files\Eclipse Adoptium\jdk-17.0.16.8-hotspot\bin\java.dll
Event: 0.121 Loaded shared library C:\Program Files\Eclipse Adoptium\jdk-17.0.16.8-hotspot\bin\jsvml.dll
Event: 0.392 Loaded shared library C:\Program Files\Eclipse Adoptium\jdk-17.0.16.8-hotspot\bin\net.dll
Event: 0.396 Loaded shared library C:\Program Files\Eclipse Adoptium\jdk-17.0.16.8-hotspot\bin\nio.dll
Event: 0.411 Loaded shared library C:\Program Files\Eclipse Adoptium\jdk-17.0.16.8-hotspot\bin\zip.dll

Deoptimization events (12 events):
Event: 0.336 Thread 0x0000021effd73a30 Uncommon trap: trap_request=0xffffff45 fr.pc=0x0000021e909815fc relative=0x000000000000005c
Event: 0.336 Thread 0x0000021effd73a30 Uncommon trap: reason=unstable_if action=reinterpret pc=0x0000021e909815fc method=java.lang.String.isLatin1()Z @ 10 c2
Event: 0.336 Thread 0x0000021effd73a30 DEOPT PACKING pc=0x0000021e909815fc sp=0x0000008971afe1f0
Event: 0.336 Thread 0x0000021effd73a30 DEOPT UNPACKING pc=0x0000021e9043a1a3 sp=0x0000008971afe180 mode 2
Event: 0.336 Thread 0x0000021effd73a30 Uncommon trap: trap_request=0xffffff45 fr.pc=0x0000021e90981914 relative=0x0000000000000074
Event: 0.336 Thread 0x0000021effd73a30 Uncommon trap: reason=unstable_if action=reinterpret pc=0x0000021e90981914 method=java.lang.String.isLatin1()Z @ 10 c2
Event: 0.336 Thread 0x0000021effd73a30 DEOPT PACKING pc=0x0000021e90981914 sp=0x0000008971afebd0
Event: 0.336 Thread 0x0000021effd73a30 DEOPT UNPACKING pc=0x0000021e9043a1a3 sp=0x0000008971afeb10 mode 2
Event: 0.471 Thread 0x0000021effd73a30 DEOPT PACKING pc=0x0000021e88ec9f43 sp=0x0000008971afd970
Event: 0.472 Thread 0x0000021effd73a30 DEOPT UNPACKING pc=0x0000021e9043ace3 sp=0x0000008971afcd90 mode 0
Event: 0.526 Thread 0x0000021effd73a30 DEOPT PACKING pc=0x0000021e88eb77c5 sp=0x0000008971afd180
Event: 0.527 Thread 0x0000021effd73a30 DEOPT UNPACKING pc=0x0000021e9043ace3 sp=0x0000008971afc5f8 mode 0

Classes loaded (20 events):
Event: 0.566 Loading class java/lang/annotation/Target done
Event: 0.571 Loading class java/lang/NoSuchMethodError
Event: 0.571 Loading class java/lang/IncompatibleClassChangeError
Event: 0.571 Loading class java/lang/IncompatibleClassChangeError done
Event: 0.571 Loading class java/lang/NoSuchMethodError done
Event: 0.571 Loading class java/lang/reflect/UndeclaredThrowableException
Event: 0.571 Loading class java/lang/reflect/UndeclaredThrowableException done
Event: 0.574 Loading class jdk/internal/reflect/MethodAccessorGenerator
Event: 0.574 Loading class jdk/internal/reflect/AccessorGenerator
Event: 0.574 Loading class jdk/internal/reflect/ClassFileConstants
Event: 0.574 Loading class jdk/internal/reflect/ClassFileConstants done
Event: 0.574 Loading class jdk/internal/reflect/AccessorGenerator done
Event: 0.574 Loading class jdk/internal/reflect/MethodAccessorGenerator done
Event: 0.575 Loading class jdk/internal/reflect/ByteVectorFactory
Event: 0.575 Loading class jdk/internal/reflect/ByteVectorFactory done
Event: 0.575 Loading class jdk/internal/reflect/ByteVectorImpl
Event: 0.575 Loading class jdk/internal/reflect/ByteVector
Event: 0.575 Loading class jdk/internal/reflect/ByteVector done
Event: 0.575 Loading class jdk/internal/reflect/ByteVectorImpl done
Event: 0.575 Loading class jdk/internal/reflect/ClassFileAssembler

Classes unloaded (0 events):
No events

Classes redefined (0 events):
No events

Internal exceptions (0 events):
No events

VM Operations (2 events):
Event: 0.414 Executing VM operation: HandshakeAllThreads
Event: 0.415 Executing VM operation: HandshakeAllThreads done

Memory protections (0 events):
No events

Nmethod flushes (0 events):
No events

Events (12 events):
Event: 0.122 Thread 0x0000021effd73a30 Thread added: 0x0000021effd73a30
Event: 0.149 Thread 0x0000021effd73a30 Thread added: 0x0000021e9fc1c020
Event: 0.150 Thread 0x0000021effd73a30 Thread added: 0x0000021e9fc1cf00
Event: 0.202 Thread 0x0000021effd73a30 Thread added: 0x0000021e9f569eb0
Event: 0.202 Thread 0x0000021effd73a30 Thread added: 0x0000021e9f56ac80
Event: 0.202 Thread 0x0000021effd73a30 Thread added: 0x0000021e9fc42300
Event: 0.202 Thread 0x0000021effd73a30 Thread added: 0x0000021e9fc418e0
Event: 0.202 Thread 0x0000021effd73a30 Thread added: 0x0000021e9fc4db20
Event: 0.202 Thread 0x0000021effd73a30 Thread added: 0x0000021e9fc4e430
Event: 0.202 Thread 0x0000021effd73a30 Thread added: 0x0000021e9fc404a0
Event: 0.329 Thread 0x0000021effd73a30 Thread added: 0x0000021e9fc3ff90
Event: 0.353 Thread 0x0000021effd73a30 Thread added: 0x0000021e9fc40ec0


Dynamic libraries:
0x00007ff667bd0000 - 0x00007ff667bde000 	C:\Program Files\Eclipse Adoptium\jdk-17.0.16.8-hotspot\bin\javaw.exe
0x00007fff2eed0000 - 0x00007fff2f0e7000 	C:\WINDOWS\SYSTEM32\ntdll.dll
0x00007fff2cdd0000 - 0x00007fff2ce94000 	C:\WINDOWS\System32\KERNEL32.DLL
0x00007fff2c490000 - 0x00007fff2c862000 	C:\WINDOWS\System32\KERNELBASE.dll
0x00007fff2c370000 - 0x00007fff2c481000 	C:\WINDOWS\System32\ucrtbase.dll
0x00007fff1f700000 - 0x00007fff1f71e000 	C:\Program Files\Eclipse Adoptium\jdk-17.0.16.8-hotspot\bin\VCRUNTIME140.dll
0x00007fff1f720000 - 0x00007fff1f737000 	C:\Program Files\Eclipse Adoptium\jdk-17.0.16.8-hotspot\bin\jli.dll
0x00007fff2cc10000 - 0x00007fff2cdc1000 	C:\WINDOWS\System32\USER32.dll
0x00007fff2c870000 - 0x00007fff2c896000 	C:\WINDOWS\System32\win32u.dll
0x00007fff18960000 - 0x00007fff18bfb000 	C:\WINDOWS\WinSxS\amd64_microsoft.windows.common-controls_6595b64144ccf1df_6.0.22621.5697_none_27154c497380d676\COMCTL32.dll
0x00007fff2e750000 - 0x00007fff2e7f7000 	C:\WINDOWS\System32\msvcrt.dll
0x00007fff2d120000 - 0x00007fff2d149000 	C:\WINDOWS\System32\GDI32.dll
0x00007fff2c970000 - 0x00007fff2ca93000 	C:\WINDOWS\System32\gdi32full.dll
0x00007fff2c8d0000 - 0x00007fff2c96a000 	C:\WINDOWS\System32\msvcp_win.dll
0x00007fff2e010000 - 0x00007fff2e041000 	C:\WINDOWS\System32\IMM32.DLL
0x00007fff26f70000 - 0x00007fff26f7c000 	C:\Program Files\Eclipse Adoptium\jdk-17.0.16.8-hotspot\bin\vcruntime140_1.dll
0x00007fff1f5f0000 - 0x00007fff1f67d000 	C:\Program Files\Eclipse Adoptium\jdk-17.0.16.8-hotspot\bin\msvcp140.dll
0x00007ffeaf0a0000 - 0x00007ffeafd0b000 	C:\Program Files\Eclipse Adoptium\jdk-17.0.16.8-hotspot\bin\server\jvm.dll
0x00007fff2e400000 - 0x00007fff2e4b1000 	C:\WINDOWS\System32\ADVAPI32.dll
0x00007fff2cb60000 - 0x00007fff2cc08000 	C:\WINDOWS\System32\sechost.dll
0x00007fff2c8a0000 - 0x00007fff2c8c8000 	C:\WINDOWS\System32\bcrypt.dll
0x00007fff2e5d0000 - 0x00007fff2e6e7000 	C:\WINDOWS\System32\RPCRT4.dll
0x00007fff2d010000 - 0x00007fff2d081000 	C:\WINDOWS\System32\WS2_32.dll
0x00007fff2be90000 - 0x00007fff2bedd000 	C:\WINDOWS\SYSTEM32\POWRPROF.dll
0x00007fff21de0000 - 0x00007fff21e14000 	C:\WINDOWS\SYSTEM32\WINMM.dll
0x00007fff1d210000 - 0x00007fff1d21a000 	C:\WINDOWS\SYSTEM32\VERSION.dll
0x00007fff2be70000 - 0x00007fff2be83000 	C:\WINDOWS\SYSTEM32\UMPDC.dll
0x00007fff2afa0000 - 0x00007fff2afb8000 	C:\WINDOWS\SYSTEM32\kernel.appcore.dll
0x00007fff219b0000 - 0x00007fff219ba000 	C:\Program Files\Eclipse Adoptium\jdk-17.0.16.8-hotspot\bin\jimage.dll
0x00007fff29780000 - 0x00007fff299b3000 	C:\WINDOWS\SYSTEM32\DBGHELP.DLL
0x00007fff2e050000 - 0x00007fff2e3e2000 	C:\WINDOWS\System32\combase.dll
0x00007fff2d150000 - 0x00007fff2d228000 	C:\WINDOWS\System32\OLEAUT32.dll
0x00007fff0d2f0000 - 0x00007fff0d322000 	C:\WINDOWS\SYSTEM32\dbgcore.DLL
0x00007fff2bfc0000 - 0x00007fff2c03b000 	C:\WINDOWS\System32\bcryptPrimitives.dll
0x00007fff1f580000 - 0x00007fff1f5a5000 	C:\Program Files\Eclipse Adoptium\jdk-17.0.16.8-hotspot\bin\java.dll
0x00007fff16f70000 - 0x00007fff17047000 	C:\Program Files\Eclipse Adoptium\jdk-17.0.16.8-hotspot\bin\jsvml.dll
0x00007fff2d230000 - 0x00007fff2dad1000 	C:\WINDOWS\System32\SHELL32.dll
0x00007fff2c230000 - 0x00007fff2c36f000 	C:\WINDOWS\System32\wintypes.dll
0x00007fff29ea0000 - 0x00007fff2a7ba000 	C:\WINDOWS\SYSTEM32\windows.storage.dll
0x00007fff2df00000 - 0x00007fff2e00b000 	C:\WINDOWS\System32\SHCORE.dll
0x00007fff2ee00000 - 0x00007fff2ee69000 	C:\WINDOWS\System32\shlwapi.dll
0x00007fff2bef0000 - 0x00007fff2bf1b000 	C:\WINDOWS\SYSTEM32\profapi.dll
0x00007fff1f6e0000 - 0x00007fff1f6f9000 	C:\Program Files\Eclipse Adoptium\jdk-17.0.16.8-hotspot\bin\net.dll
0x00007fff26280000 - 0x00007fff263ac000 	C:\WINDOWS\SYSTEM32\WINHTTP.dll
0x00007fff2b470000 - 0x00007fff2b4d9000 	C:\WINDOWS\system32\mswsock.dll
0x00007fff1f4b0000 - 0x00007fff1f4c6000 	C:\Program Files\Eclipse Adoptium\jdk-17.0.16.8-hotspot\bin\nio.dll
0x00007fff1f1d0000 - 0x00007fff1f1e8000 	C:\Program Files\Eclipse Adoptium\jdk-17.0.16.8-hotspot\bin\zip.dll

dbghelp: loaded successfully - version: 4.0.5 - missing functions: none
symbol engine: initialized successfully - sym options: 0x614 - pdb path: .;C:\Program Files\Eclipse Adoptium\jdk-17.0.16.8-hotspot\bin;C:\WINDOWS\SYSTEM32;C:\WINDOWS\WinSxS\amd64_microsoft.windows.common-controls_6595b64144ccf1df_6.0.22621.5697_none_27154c497380d676;C:\Program Files\Eclipse Adoptium\jdk-17.0.16.8-hotspot\bin\server

VM Arguments:
jvm_args: -ea -Dfile.encoding=UTF-8 -Dstdout.encoding=UTF-8 -Dstderr.encoding=UTF-8 -XX:+ShowCodeDetailsInExceptionMessages 
java_command: org.testng.remote.RemoteTestNG -serport 64242 -protocol json -d C:\Users\tejas\eclipse-workspace\Capstone_Automation_Exercise\test-output C:\Users\tejas\AppData\Local\Temp\testng-eclipse--1844763098\testng-customsuite.xml
java_class_path (initial): C:\Users\tejas\eclipse\java-2024-093\eclipse\configuration\org.eclipse.osgi\524\0\.cp\lib\testng-remote.jar;C:\Users\tejas\eclipse-workspace\Capstone_Automation_Exercise\target\test-classes;C:\Users\tejas\eclipse-workspace\Capstone_Automation_Exercise\target\classes;C:\Users\tejas\.p2\pool\plugins\org.testng_7.11.0.r202503091654.jar;C:\Users\tejas\.p2\pool\plugins\com.beust.jcommander_1.83.0.jar;C:\Users\tejas\.p2\pool\plugins\slf4j.api_2.0.16.jar;C:\Users\tejas\.p2\pool\plugins\org.yaml.snakeyaml_2.2.0.jar;C:\Users\tejas\.p2\pool\plugins\org.webjars.jquery_3.7.1.jar;C:\Users\tejas\.m2\repository\junit\junit\3.8.1\junit-3.8.1.jar;C:\Users\tejas\.m2\repository\org\seleniumhq\selenium\selenium-java\4.34.0\selenium-java-4.34.0.jar;C:\Users\tejas\.m2\repository\org\seleniumhq\selenium\selenium-api\4.34.0\selenium-api-4.34.0.jar;C:\Users\tejas\.m2\repository\org\jspecify\jspecify\1.0.0\jspecify-1.0.0.jar;C:\Users\tejas\.m2\repository\org\seleniumhq\selenium\selenium-chrome-driver\4.34.0\selenium-chrome-driver-4.34.0.jar;C:\Users\tejas\.m2\repository\com\google\auto\service\auto-service-annotations\1.1.1\auto-service-annotations-1.1.1.jar;C:\Users\tejas\.m2\repository\org\seleniumhq\selenium\selenium-chromium-driver\4.34.0\selenium-chromium-driver-4.34.0.jar;C:\Users\tejas\.m2\repository\org\seleniumhq\selenium\selenium-json\4.34.0\selenium-json-4.34.0.jar;C:\Users\tejas\.m2\repository\org\seleniumhq\selenium\selenium-manager\4.34.0\selenium-manager-4.34.0.jar;C:\Users\tejas\.m2\repository\org\seleniumhq\selenium\selenium-devtools-v136\4.34.0\selenium-devtools-v136-4.34.0.jar;C:\Users\tejas\.m2\repository\org\seleniumhq\selenium\selenium-devtools-v137\4.34.0\selenium-devtools-v137-4.34.0.jar;C:\Users\tejas\.m2\repository\org\seleniumhq\selenium\selenium-devtools-v138\4.34.0\selenium-devtools-v138-4.34.0.jar;C:\Users\tejas\.m2\repository\org\seleniumhq\selenium\selenium-edge-driver\4.34.0\selenium-edge-driver-4.34.0.jar;C:\Users\tejas\.m2\repos
Launcher Type: SUN_STANDARD

[Global flags]
     intx CICompilerCount                          = 4                                         {product} {ergonomic}
     uint ConcGCThreads                            = 2                                         {product} {ergonomic}
     uint G1ConcRefinementThreads                  = 8                                         {product} {ergonomic}
   size_t G1HeapRegionSize                         = 1048576                                   {product} {ergonomic}
    uintx GCDrainStackTargetSize                   = 64                                        {product} {ergonomic}
   size_t InitialHeapSize                          = 130023424                                 {product} {ergonomic}
   size_t MarkStackSize                            = 4194304                                   {product} {ergonomic}
   size_t MaxHeapSize                              = 2078277632                                {product} {ergonomic}
   size_t MaxNewSize                               = 1246756864                                {product} {ergonomic}
   size_t MinHeapDeltaBytes                        = 1048576                                   {product} {ergonomic}
   size_t MinHeapSize                              = 8388608                                   {product} {ergonomic}
    uintx NonNMethodCodeHeapSize                   = 5839372                                {pd product} {ergonomic}
    uintx NonProfiledCodeHeapSize                  = 122909434                              {pd product} {ergonomic}
    uintx ProfiledCodeHeapSize                     = 122909434                              {pd product} {ergonomic}
    uintx ReservedCodeCacheSize                    = 251658240                              {pd product} {ergonomic}
     bool SegmentedCodeCache                       = true                                      {product} {ergonomic}
     bool ShowCodeDetailsInExceptionMessages       = true                                   {manageable} {command line}
   size_t SoftMaxHeapSize                          = 2078277632                             {manageable} {ergonomic}
     bool UseCompressedClassPointers               = true                           {product lp64_product} {ergonomic}
     bool UseCompressedOops                        = true                           {product lp64_product} {ergonomic}
     bool UseG1GC                                  = true                                      {product} {ergonomic}
     bool UseLargePagesIndividualAllocation        = false                                  {pd product} {ergonomic}

Logging:
Log output configuration:
 #0: stdout all=warning uptime,level,tags
 #1: stderr all=off uptime,level,tags

Environment Variables:
JAVA_HOME=C:\Program Files\Java\jdk-17.0.2
PATH=C:/Users/tejas/.p2/pool/plugins/org.eclipse.justj.openjdk.hotspot.jre.full.win32.x86_64_22.0.2.v20240802-1626/jre/bin/server;C:/Users/tejas/.p2/pool/plugins/org.eclipse.justj.openjdk.hotspot.jre.full.win32.x86_64_22.0.2.v20240802-1626/jre/bin;C:\Program Files\Eclipse Adoptium\jdk-17.0.16.8-hotspot\bin;C:\Python313\Scripts\;C:\Python313\;C:\Program Files\Common Files\Oracle\Java\javapath;C:\Program Files (x86)\Common Files\Oracle\Java\javapath;C:\WINDOWS\system32;C:\WINDOWS;C:\WINDOWS\System32\Wbem;C:\WINDOWS\System32\WindowsPowerShell\v1.0\;C:\WINDOWS\System32\OpenSSH\;C:\Program Files\Java\jdk-17.0.2\bin;C:\Program Files\dotnet\;C:\Program Files\MySQL\MySQL Server 8.0\bin;C:\Program Files\nodejs\;C:\ProgramData\chocolatey\bin;C:\apache-maven-3.9.11-bin.zip\apache-maven-3.9.11\bin;C:\Program Files\Git\cmd;C:\Users\tejas\AppData\Local\Microsoft\WindowsApps;C:\Users\tejas\AppData\Local\Programs\Microsoft VS Code\bin;C:\Program Files\sf\bin;C:\Users\tejas\AppData\Roaming\npm;C:\WINDOWS\System32;
USERNAME=tejas
OS=Windows_NT
PROCESSOR_IDENTIFIER=Intel64 Family 6 Model 140 Stepping 1, GenuineIntel
TMP=C:\Users\tejas\AppData\Local\Temp
TEMP=C:\Users\tejas\AppData\Local\Temp



Periodic native trim disabled


---------------  S Y S T E M  ---------------

OS:
 Windows 11 , 64 bit Build 22621 (10.0.22621.5415)
OS uptime: 0 days 4:36 hours

CPU: total 8 (initial active 8) (4 cores per cpu, 2 threads per core) family 6 model 140 stepping 1 microcode 0xbc, cx8, cmov, fxsr, ht, mmx, 3dnowpref, sse, sse2, sse3, ssse3, sse4.1, sse4.2, popcnt, lzcnt, tsc, tscinvbit, avx, avx2, aes, erms, clmul, bmi1, bmi2, adx, avx512f, avx512dq, avx512cd, avx512bw, avx512vl, sha, fma, vzeroupper, avx512_vpopcntdq, avx512_vpclmulqdq, avx512_vaes, avx512_vnni, clflush, clflushopt, clwb, avx512_vbmi2, avx512_vbmi
Processor Information for all 8 processors :
  Max Mhz: 2419, Current Mhz: 2419, Mhz Limit: 2419

Memory: 4k page, system-wide physical 7926M (389M free)
TotalPageFile size 16978M (AvailPageFile size 0M)
current process WorkingSet (physical memory assigned to process): 35M, peak: 35M
current process commit charge ("private bytes"): 204M, peak: 204M

vm_info: OpenJDK 64-Bit Server VM (17.0.16+8) for windows-amd64 JRE (17.0.16+8), built on Jul 16 2025 10:37:56 by "admin" with MS VC++ 17.7 (VS2022)

END.
