#
# There is insufficient memory for the Java Runtime Environment to continue.
# Native memory allocation (mmap) failed to map 130023424 bytes. Error detail: G1 virtual space
# Possible reasons:
#   The system is out of physical RAM or swap space
#   This process is running with CompressedOops enabled, and the Java Heap may be blocking the growth of the native heap
# Possible solutions:
#   Reduce memory load on the system
#   Increase physical memory or swap space
#   Check if swap backing store is full
#   Decrease Java heap size (-Xmx/-Xms)
#   Decrease number of Java threads
#   Decrease Java thread stack sizes (-Xss)
#   Set larger code cache with -XX:ReservedCodeCacheSize=
#   JVM is running with Unscaled Compressed Oops mode in which the Java heap is
#     placed in the first 4GB address space. The Java Heap base address is the
#     maximum limit for the native heap growth. Please use -XX:HeapBaseMinAddress
#     to set the Java Heap base and to place the Java Heap above 4GB virtual address.
# This output file may be truncated or incomplete.
#
#  Out of Memory Error (os_windows.cpp:3618), pid=24196, tid=22696
#
# JRE version:  (17.0.16+8) (build )
# Java VM: OpenJDK 64-Bit Server VM (17.0.16+8, mixed mode, sharing, tiered, compressed oops, compressed class ptrs, g1 gc, windows-amd64)
# No core dump will be written. Minidumps are not enabled by default on client versions of Windows
#

---------------  S U M M A R Y ------------

Command Line: -ea -Dfile.encoding=UTF-8 -Dstdout.encoding=UTF-8 -Dstderr.encoding=UTF-8 -XX:+ShowCodeDetailsInExceptionMessages org.testng.remote.RemoteTestNG -serport 64237 -protocol json -d C:\Users\tejas\eclipse-workspace\Capstone_Automation_Exercise\test-output C:\Users\tejas\AppData\Local\Temp\testng-eclipse--1293230745\testng-customsuite.xml

Host: 11th Gen Intel(R) Core(TM) i5-1135G7 @ 2.40GHz, 8 cores, 7G,  Windows 11 , 64 bit Build 22621 (10.0.22621.5415)
Time: Thu Sep  4 21:29:04 2025 India Standard Time elapsed time: 0.036423 seconds (0d 0h 0m 0s)

---------------  T H R E A D  ---------------

Current thread (0x0000027c5c4267e0):  JavaThread "Unknown thread" [_thread_in_vm, id=22696, stack(0x000000f600700000,0x000000f600800000)]

Stack: [0x000000f600700000,0x000000f600800000]
Native frames: (J=compiled Java code, j=interpreted, Vv=VM code, C=native code)
V  [jvm.dll+0x683169]
V  [jvm.dll+0x839ac8]
V  [jvm.dll+0x83b573]
V  [jvm.dll+0x83bbe3]
V  [jvm.dll+0x2473ff]
V  [jvm.dll+0x67ff49]
V  [jvm.dll+0x674e3a]
V  [jvm.dll+0x304ea6]
V  [jvm.dll+0x30c366]
V  [jvm.dll+0x35deee]
V  [jvm.dll+0x35e12d]
V  [jvm.dll+0x2dc26c]
V  [jvm.dll+0x2dd184]
V  [jvm.dll+0x80ba1b]
V  [jvm.dll+0x36b921]
V  [jvm.dll+0x7ea5df]
V  [jvm.dll+0x3f24fe]
V  [jvm.dll+0x3f4031]
C  [jli.dll+0x5278]
C  [ucrtbase.dll+0x29333]
C  [KERNEL32.DLL+0x1259d]
C  [ntdll.dll+0x5af78]


---------------  P R O C E S S  ---------------

Threads class SMR info:
_java_thread_list=0x00007ffeafbd7f58, length=0, elements={
}

Java Threads: ( => current thread )

Other Threads:
  0x0000027c5c480a40 GCTaskThread "GC Thread#0" [stack: 0x000000f600800000,0x000000f600900000] [id=14628]
  0x0000027c5c491060 ConcurrentGCThread "G1 Main Marker" [stack: 0x000000f600900000,0x000000f600a00000] [id=21644]
  0x0000027c5c491990 ConcurrentGCThread "G1 Conc#0" [stack: 0x000000f600a00000,0x000000f600b00000] [id=13036]

[error occurred during error reporting (printing all threads), id 0xc0000005, EXCEPTION_ACCESS_VIOLATION (0xc0000005) at pc=0x00007ffeaf38cd97]

VM state: not at safepoint (not fully initialized)

VM Mutex/Monitor currently owned by a thread:  ([mutex/lock_event])
[0x0000027c5c4211e0] Heap_lock - owner thread: 0x0000027c5c4267e0

Heap address: 0x0000000084200000, size: 1982 MB, Compressed Oops mode: 32-bit

CDS archive(s) mapped at: [0x0000000000000000-0x0000000000000000-0x0000000000000000), size 0, SharedBaseAddress: 0x0000000800000000, ArchiveRelocationMode: 1.
Narrow klass base: 0x0000000000000000, Narrow klass shift: 0, Narrow klass range: 0x0

GC Precious Log:
<Empty>

Heap:
 garbage-first heap   total 0K, used 0K [0x0000000084200000, 0x0000000100000000)
  region size 1024K, 0 young (0K), 0 survivors (0K)

[error occurred during error reporting (printing heap information), id 0xc0000005, EXCEPTION_ACCESS_VIOLATION (0xc0000005) at pc=0x00007ffeaf77c869]

GC Heap History (0 events):
No events

Dll operation events (1 events):
Event: 0.030 Loaded shared library C:\Program Files\Eclipse Adoptium\jdk-17.0.16.8-hotspot\bin\java.dll

Deoptimization events (0 events):
No events

Classes loaded (0 events):
No events

Classes unloaded (0 events):
No events

Classes redefined (0 events):
No events

Internal exceptions (0 events):
No events

VM Operations (0 events):
No events

Memory protections (0 events):
No events

Nmethod flushes (0 events):
No events

Events (0 events):
No events


Dynamic libraries:
0x00007ff667bd0000 - 0x00007ff667bde000 	C:\Program Files\Eclipse Adoptium\jdk-17.0.16.8-hotspot\bin\javaw.exe
0x00007fff2eed0000 - 0x00007fff2f0e7000 	C:\WINDOWS\SYSTEM32\ntdll.dll
0x00007fff2cdd0000 - 0x00007fff2ce94000 	C:\WINDOWS\System32\KERNEL32.DLL
0x00007fff2c490000 - 0x00007fff2c862000 	C:\WINDOWS\System32\KERNELBASE.dll
0x00007fff2c370000 - 0x00007fff2c481000 	C:\WINDOWS\System32\ucrtbase.dll
0x00007fff1ffb0000 - 0x00007fff1ffc7000 	C:\Program Files\Eclipse Adoptium\jdk-17.0.16.8-hotspot\bin\jli.dll
0x00007fff20cf0000 - 0x00007fff20d0e000 	C:\Program Files\Eclipse Adoptium\jdk-17.0.16.8-hotspot\bin\VCRUNTIME140.dll
0x00007fff18960000 - 0x00007fff18bfb000 	C:\WINDOWS\WinSxS\amd64_microsoft.windows.common-controls_6595b64144ccf1df_6.0.22621.5697_none_27154c497380d676\COMCTL32.dll
0x00007fff2cc10000 - 0x00007fff2cdc1000 	C:\WINDOWS\System32\USER32.dll
0x00007fff2e750000 - 0x00007fff2e7f7000 	C:\WINDOWS\System32\msvcrt.dll
0x00007fff2c870000 - 0x00007fff2c896000 	C:\WINDOWS\System32\win32u.dll
0x00007fff2d120000 - 0x00007fff2d149000 	C:\WINDOWS\System32\GDI32.dll
0x00007fff2c970000 - 0x00007fff2ca93000 	C:\WINDOWS\System32\gdi32full.dll
0x00007fff2c8d0000 - 0x00007fff2c96a000 	C:\WINDOWS\System32\msvcp_win.dll
0x00007fff2e010000 - 0x00007fff2e041000 	C:\WINDOWS\System32\IMM32.DLL
0x00007fff281d0000 - 0x00007fff281dc000 	C:\Program Files\Eclipse Adoptium\jdk-17.0.16.8-hotspot\bin\vcruntime140_1.dll
0x00007fff1f5f0000 - 0x00007fff1f67d000 	C:\Program Files\Eclipse Adoptium\jdk-17.0.16.8-hotspot\bin\msvcp140.dll
0x00007ffeaf0a0000 - 0x00007ffeafd0b000 	C:\Program Files\Eclipse Adoptium\jdk-17.0.16.8-hotspot\bin\server\jvm.dll
0x00007fff2e400000 - 0x00007fff2e4b1000 	C:\WINDOWS\System32\ADVAPI32.dll
0x00007fff2cb60000 - 0x00007fff2cc08000 	C:\WINDOWS\System32\sechost.dll
0x00007fff2c8a0000 - 0x00007fff2c8c8000 	C:\WINDOWS\System32\bcrypt.dll
0x00007fff2e5d0000 - 0x00007fff2e6e7000 	C:\WINDOWS\System32\RPCRT4.dll
0x00007fff2d010000 - 0x00007fff2d081000 	C:\WINDOWS\System32\WS2_32.dll
0x00007fff2be90000 - 0x00007fff2bedd000 	C:\WINDOWS\SYSTEM32\POWRPROF.dll
0x00007fff1d210000 - 0x00007fff1d21a000 	C:\WINDOWS\SYSTEM32\VERSION.dll
0x00007fff21de0000 - 0x00007fff21e14000 	C:\WINDOWS\SYSTEM32\WINMM.dll
0x00007fff2be70000 - 0x00007fff2be83000 	C:\WINDOWS\SYSTEM32\UMPDC.dll
0x00007fff2afa0000 - 0x00007fff2afb8000 	C:\WINDOWS\SYSTEM32\kernel.appcore.dll
0x00007fff26f70000 - 0x00007fff26f7a000 	C:\Program Files\Eclipse Adoptium\jdk-17.0.16.8-hotspot\bin\jimage.dll
0x00007fff29780000 - 0x00007fff299b3000 	C:\WINDOWS\SYSTEM32\DBGHELP.DLL
0x00007fff2e050000 - 0x00007fff2e3e2000 	C:\WINDOWS\System32\combase.dll
0x00007fff2d150000 - 0x00007fff2d228000 	C:\WINDOWS\System32\OLEAUT32.dll
0x00007fff0d2f0000 - 0x00007fff0d322000 	C:\WINDOWS\SYSTEM32\dbgcore.DLL
0x00007fff2bfc0000 - 0x00007fff2c03b000 	C:\WINDOWS\System32\bcryptPrimitives.dll
0x00007fff1f710000 - 0x00007fff1f735000 	C:\Program Files\Eclipse Adoptium\jdk-17.0.16.8-hotspot\bin\java.dll

dbghelp: loaded successfully - version: 4.0.5 - missing functions: none
symbol engine: initialized successfully - sym options: 0x614 - pdb path: .;C:\Program Files\Eclipse Adoptium\jdk-17.0.16.8-hotspot\bin;C:\WINDOWS\SYSTEM32;C:\WINDOWS\WinSxS\amd64_microsoft.windows.common-controls_6595b64144ccf1df_6.0.22621.5697_none_27154c497380d676;C:\Program Files\Eclipse Adoptium\jdk-17.0.16.8-hotspot\bin\server

VM Arguments:
jvm_args: -ea -Dfile.encoding=UTF-8 -Dstdout.encoding=UTF-8 -Dstderr.encoding=UTF-8 -XX:+ShowCodeDetailsInExceptionMessages 
java_command: org.testng.remote.RemoteTestNG -serport 64237 -protocol json -d C:\Users\tejas\eclipse-workspace\Capstone_Automation_Exercise\test-output C:\Users\tejas\AppData\Local\Temp\testng-eclipse--1293230745\testng-customsuite.xml
java_class_path (initial): C:\Users\tejas\eclipse\java-2024-093\eclipse\configuration\org.eclipse.osgi\524\0\.cp\lib\testng-remote.jar;C:\Users\tejas\eclipse-workspace\Capstone_Automation_Exercise\target\test-classes;C:\Users\tejas\eclipse-workspace\Capstone_Automation_Exercise\target\classes;C:\Users\tejas\.p2\pool\plugins\org.testng_7.11.0.r202503091654.jar;C:\Users\tejas\.p2\pool\plugins\com.beust.jcommander_1.83.0.jar;C:\Users\tejas\.p2\pool\plugins\slf4j.api_2.0.16.jar;C:\Users\tejas\.p2\pool\plugins\org.yaml.snakeyaml_2.2.0.jar;C:\Users\tejas\.p2\pool\plugins\org.webjars.jquery_3.7.1.jar;C:\Users\tejas\.m2\repository\junit\junit\3.8.1\junit-3.8.1.jar;C:\Users\tejas\.m2\repository\org\seleniumhq\selenium\selenium-java\4.34.0\selenium-java-4.34.0.jar;C:\Users\tejas\.m2\repository\org\seleniumhq\selenium\selenium-api\4.34.0\selenium-api-4.34.0.jar;C:\Users\tejas\.m2\repository\org\jspecify\jspecify\1.0.0\jspecify-1.0.0.jar;C:\Users\tejas\.m2\repository\org\seleniumhq\selenium\selenium-chrome-driver\4.34.0\selenium-chrome-driver-4.34.0.jar;C:\Users\tejas\.m2\repository\com\google\auto\service\auto-service-annotations\1.1.1\auto-service-annotations-1.1.1.jar;C:\Users\tejas\.m2\repository\org\seleniumhq\selenium\selenium-chromium-driver\4.34.0\selenium-chromium-driver-4.34.0.jar;C:\Users\tejas\.m2\repository\org\seleniumhq\selenium\selenium-json\4.34.0\selenium-json-4.34.0.jar;C:\Users\tejas\.m2\repository\org\seleniumhq\selenium\selenium-manager\4.34.0\selenium-manager-4.34.0.jar;C:\Users\tejas\.m2\repository\org\seleniumhq\selenium\selenium-devtools-v136\4.34.0\selenium-devtools-v136-4.34.0.jar;C:\Users\tejas\.m2\repository\org\seleniumhq\selenium\selenium-devtools-v137\4.34.0\selenium-devtools-v137-4.34.0.jar;C:\Users\tejas\.m2\repository\org\seleniumhq\selenium\selenium-devtools-v138\4.34.0\selenium-devtools-v138-4.34.0.jar;C:\Users\tejas\.m2\repository\org\seleniumhq\selenium\selenium-edge-driver\4.34.0\selenium-edge-driver-4.34.0.jar;C:\Users\tejas\.m2\repos
Launcher Type: SUN_STANDARD

[Global flags]
     intx CICompilerCount                          = 4                                         {product} {ergonomic}
     uint ConcGCThreads                            = 2                                         {product} {ergonomic}
     uint G1ConcRefinementThreads                  = 8                                         {product} {ergonomic}
   size_t G1HeapRegionSize                         = 1048576                                   {product} {ergonomic}
    uintx GCDrainStackTargetSize                   = 64                                        {product} {ergonomic}
   size_t InitialHeapSize                          = 130023424                                 {product} {ergonomic}
   size_t MarkStackSize                            = 4194304                                   {product} {ergonomic}
   size_t MaxHeapSize                              = 2078277632                                {product} {ergonomic}
   size_t MinHeapDeltaBytes                        = 1048576                                   {product} {ergonomic}
   size_t MinHeapSize                              = 8388608                                   {product} {ergonomic}
    uintx NonNMethodCodeHeapSize                   = 5839372                                {pd product} {ergonomic}
    uintx NonProfiledCodeHeapSize                  = 122909434                              {pd product} {ergonomic}
    uintx ProfiledCodeHeapSize                     = 122909434                              {pd product} {ergonomic}
    uintx ReservedCodeCacheSize                    = 251658240                              {pd product} {ergonomic}
     bool SegmentedCodeCache                       = true                                      {product} {ergonomic}
     bool ShowCodeDetailsInExceptionMessages       = true                                   {manageable} {command line}
   size_t SoftMaxHeapSize                          = 2078277632                             {manageable} {ergonomic}
     bool UseCompressedClassPointers               = true                           {product lp64_product} {ergonomic}
     bool UseCompressedOops                        = true                           {product lp64_product} {ergonomic}
     bool UseG1GC                                  = true                                      {product} {ergonomic}
     bool UseLargePagesIndividualAllocation        = false                                  {pd product} {ergonomic}

Logging:
Log output configuration:
 #0: stdout all=warning uptime,level,tags
 #1: stderr all=off uptime,level,tags

Environment Variables:
JAVA_HOME=C:\Program Files\Java\jdk-17.0.2
PATH=C:/Users/tejas/.p2/pool/plugins/org.eclipse.justj.openjdk.hotspot.jre.full.win32.x86_64_22.0.2.v20240802-1626/jre/bin/server;C:/Users/tejas/.p2/pool/plugins/org.eclipse.justj.openjdk.hotspot.jre.full.win32.x86_64_22.0.2.v20240802-1626/jre/bin;C:\Program Files\Eclipse Adoptium\jdk-17.0.16.8-hotspot\bin;C:\Python313\Scripts\;C:\Python313\;C:\Program Files\Common Files\Oracle\Java\javapath;C:\Program Files (x86)\Common Files\Oracle\Java\javapath;C:\WINDOWS\system32;C:\WINDOWS;C:\WINDOWS\System32\Wbem;C:\WINDOWS\System32\WindowsPowerShell\v1.0\;C:\WINDOWS\System32\OpenSSH\;C:\Program Files\Java\jdk-17.0.2\bin;C:\Program Files\dotnet\;C:\Program Files\MySQL\MySQL Server 8.0\bin;C:\Program Files\nodejs\;C:\ProgramData\chocolatey\bin;C:\apache-maven-3.9.11-bin.zip\apache-maven-3.9.11\bin;C:\Program Files\Git\cmd;C:\Users\tejas\AppData\Local\Microsoft\WindowsApps;C:\Users\tejas\AppData\Local\Programs\Microsoft VS Code\bin;C:\Program Files\sf\bin;C:\Users\tejas\AppData\Roaming\npm;C:\WINDOWS\System32;
USERNAME=tejas
OS=Windows_NT
PROCESSOR_IDENTIFIER=Intel64 Family 6 Model 140 Stepping 1, GenuineIntel
TMP=C:\Users\tejas\AppData\Local\Temp
TEMP=C:\Users\tejas\AppData\Local\Temp



Periodic native trim disabled


---------------  S Y S T E M  ---------------

OS:
 Windows 11 , 64 bit Build 22621 (10.0.22621.5415)
OS uptime: 0 days 4:35 hours

CPU: total 8 (initial active 8) (4 cores per cpu, 2 threads per core) family 6 model 140 stepping 1 microcode 0xbc, cx8, cmov, fxsr, ht, mmx, 3dnowpref, sse, sse2, sse3, ssse3, sse4.1, sse4.2, popcnt, lzcnt, tsc, tscinvbit, avx, avx2, aes, erms, clmul, bmi1, bmi2, adx, avx512f, avx512dq, avx512cd, avx512bw, avx512vl, sha, fma, vzeroupper, avx512_vpopcntdq, avx512_vpclmulqdq, avx512_vaes, avx512_vnni, clflush, clflushopt, clwb, avx512_vbmi2, avx512_vbmi
Processor Information for all 8 processors :
  Max Mhz: 2419, Current Mhz: 2419, Mhz Limit: 2419

Memory: 4k page, system-wide physical 7926M (509M free)
TotalPageFile size 16978M (AvailPageFile size 76M)
current process WorkingSet (physical memory assigned to process): 11M, peak: 11M
current process commit charge ("private bytes"): 60M, peak: 184M

vm_info: OpenJDK 64-Bit Server VM (17.0.16+8) for windows-amd64 JRE (17.0.16+8), built on Jul 16 2025 10:37:56 by "admin" with MS VC++ 17.7 (VS2022)

END.
